2023/03/24 20:54:55            210075 00a6ffc1-6ce9-3bc3-a060-6006e9893a1a/map/log_map_archive_00a6ffc1-6ce9-3bc3-a060-6006e9893a1a____PIT_city_31785.json
2023/03/24 20:55:05            176672 0322b098-7e42-34db-bcec-9a4d072191e9/map/log_map_archive_0322b098-7e42-34db-bcec-9a4d072191e9____PIT_city_71050.json
2023/03/24 20:55:08            164453 03b2cf2d-fb61-36fe-936f-36bbf197a8ac/map/log_map_archive_03b2cf2d-fb61-36fe-936f-36bbf197a8ac____PIT_city_71430.json
2023/03/24 20:55:11             86297 03fba633-8085-30bc-b675-687a715536ac/map/log_map_archive_03fba633-8085-30bc-b675-687a715536ac____PIT_city_72046.json
2023/03/24 20:55:17            136712 0526e68e-2ff1-3e53-b0f8-45df02e45a93/map/log_map_archive_0526e68e-2ff1-3e53-b0f8-45df02e45a93____PIT_city_72056.json
2023/03/24 20:55:20            164634 05853f69-f948-3d04-8d64-d4e721c0e1a5/map/log_map_archive_05853f69-f948-3d04-8d64-d4e721c0e1a5____PIT_city_71430.json
2023/03/24 20:55:23            227787 05fb81ab-5e46-3f63-a59f-82fc66d5a477/map/log_map_archive_05fb81ab-5e46-3f63-a59f-82fc66d5a477____PIT_city_32908.json
2023/03/24 20:55:26            168916 067b1c50-6567-3840-ab56-1ca2a0ed9c30/map/log_map_archive_067b1c50-6567-3840-ab56-1ca2a0ed9c30____PIT_city_71430.json
2023/03/24 20:55:41            255084 0749e9e0-ca52-3546-b324-d704138b11b5/map/log_map_archive_0749e9e0-ca52-3546-b324-d704138b11b5____PIT_city_62578.json
2023/03/24 20:55:57            223460 087695bd-c662-3e86-83b4-aedc3b8eec36/map/log_map_archive_087695bd-c662-3e86-83b4-aedc3b8eec36____PIT_city_32908.json
2023/03/24 20:56:00            148868 087fec73-1a0c-399a-9292-cc2cf99dc97f/map/log_map_archive_087fec73-1a0c-399a-9292-cc2cf99dc97f____PIT_city_32908.json
2023/03/24 20:56:03            144410 08bcc06e-3adf-3651-aa4d-d791004418ca/map/log_map_archive_08bcc06e-3adf-3651-aa4d-d791004418ca____PIT_city_71343.json
2023/03/24 20:56:15            174206 0a524e66-ee33-3b6c-89ef-eac1985316db/map/log_map_archive_0a524e66-ee33-3b6c-89ef-eac1985316db____PIT_city_62578.json
2023/03/24 20:56:18            191357 0a8a4cfa-4902-3a76-8301-08698d6290a2/map/log_map_archive_0a8a4cfa-4902-3a76-8301-08698d6290a2____PIT_city_71480.json
2023/03/24 20:56:21            134189 0ab21841-0c08-3bae-8424-daa9b336683f/map/log_map_archive_0ab21841-0c08-3bae-8424-daa9b336683f____PIT_city_72056.json
2023/03/24 20:56:45            135404 0c61aea3-3cba-35f3-8971-df42cd5b9b1a/map/log_map_archive_0c61aea3-3cba-35f3-8971-df42cd5b9b1a____PIT_city_72056.json
2023/03/24 20:56:52            192801 0d8aab9f-4edf-3fb3-895a-ba64e8f2cfb2/map/log_map_archive_0d8aab9f-4edf-3fb3-895a-ba64e8f2cfb2____PIT_city_71430.json
2023/03/24 20:56:55            176525 0d9e4cff-73ff-33eb-9981-795475e62faf/map/log_map_archive_0d9e4cff-73ff-33eb-9981-795475e62faf____PIT_city_71920.json
2023/03/24 20:56:58             97964 0f257dcc-8606-3ef9-b17e-b022a3fc72c7/map/log_map_archive_0f257dcc-8606-3ef9-b17e-b022a3fc72c7____PIT_city_71385.json
2023/03/24 20:57:01            193012 0fc6aa34-323a-33bb-9804-2004599bcd06/map/log_map_archive_0fc6aa34-323a-33bb-9804-2004599bcd06____PIT_city_71109.json
2023/03/24 20:57:07            173204 106d962b-911d-354d-961d-9abe93119b9c/map/log_map_archive_106d962b-911d-354d-961d-9abe93119b9c____PIT_city_32908.json
2023/03/24 20:57:16            201275 118a1e87-aff4-35f5-aa38-01504a63ddce/map/log_map_archive_118a1e87-aff4-35f5-aa38-01504a63ddce____PIT_city_71396.json
2023/03/24 20:57:22            137347 12071817-ba53-35a4-bf6c-a8e8e7ad8969/map/log_map_archive_12071817-ba53-35a4-bf6c-a8e8e7ad8969____PIT_city_71109.json
2023/03/24 20:57:25            181818 120d7ac7-cce3-359e-a19c-1b9c0abd6be2/map/log_map_archive_120d7ac7-cce3-359e-a19c-1b9c0abd6be2____PIT_city_62578.json
2023/03/24 20:57:37            165105 133e2e0b-b0fe-3bb0-b1f9-c846fcfd29e8/map/log_map_archive_133e2e0b-b0fe-3bb0-b1f9-c846fcfd29e8____PIT_city_71396.json
2023/03/24 20:57:40            173021 134bb8e9-9080-3bc5-948d-88d8cc034550/map/log_map_archive_134bb8e9-9080-3bc5-948d-88d8cc034550____PIT_city_32908.json
2023/03/24 20:57:43            116387 14bf638b-8f0d-35b2-a369-6d846b5b3892/map/log_map_archive_14bf638b-8f0d-35b2-a369-6d846b5b3892____PIT_city_72056.json
2023/03/24 20:57:52            170925 150ae964-5091-3681-b738-88715052c792/map/log_map_archive_150ae964-5091-3681-b738-88715052c792____PIT_city_71343.json
2023/03/24 20:58:13            265072 1886b0d1-9c5e-326f-99df-30b64044638f/map/log_map_archive_1886b0d1-9c5e-326f-99df-30b64044638f____PIT_city_32908.json
2023/03/24 20:58:23            148814 194b6c89-8060-3174-b402-308f72cb1c15/map/log_map_archive_194b6c89-8060-3174-b402-308f72cb1c15____PIT_city_71396.json
2023/03/24 20:58:26            197992 19711b73-c43b-3922-be61-8c44df707a7d/map/log_map_archive_19711b73-c43b-3922-be61-8c44df707a7d____PIT_city_71109.json
2023/03/24 20:58:29            180718 1992ed13-948e-34e6-8d9b-a3416e545a95/map/log_map_archive_1992ed13-948e-34e6-8d9b-a3416e545a95____PIT_city_32908.json
2023/03/24 20:58:32            153929 1a10b0e6-569f-32db-95e8-10c074e353e8/map/log_map_archive_1a10b0e6-569f-32db-95e8-10c074e353e8____PIT_city_71396.json
2023/03/24 20:58:38            297772 1a6487dd-8bc6-3762-bd8a-2e50e15dbe75/map/log_map_archive_1a6487dd-8bc6-3762-bd8a-2e50e15dbe75____PIT_city_32908.json
2023/03/24 20:58:50            254825 1bf2bf1c-64d1-308f-afd1-220de9d30290/map/log_map_archive_1bf2bf1c-64d1-308f-afd1-220de9d30290____PIT_city_70925.json
2023/03/24 20:59:00            125689 1d43ed4e-e705-308a-bdfa-49d99285c42a/map/log_map_archive_1d43ed4e-e705-308a-bdfa-49d99285c42a____PIT_city_32908.json
2023/03/24 20:59:15            208516 20f785b0-e11a-3757-be79-b0731286c998/map/log_map_archive_20f785b0-e11a-3757-be79-b0731286c998____PIT_city_71920.json
2023/03/24 20:59:18            104375 21f6ebe1-09c9-3a71-bdd9-58f45fbe9000/map/log_map_archive_21f6ebe1-09c9-3a71-bdd9-58f45fbe9000____PIT_city_72056.json
2023/03/24 20:59:21            152221 226199ab-c791-32a7-8bab-ab92878eb199/map/log_map_archive_226199ab-c791-32a7-8bab-ab92878eb199____PIT_city_71109.json
2023/03/24 20:59:30            202038 2451c219-3002-3b2e-8fa9-2b7fea168b3b/map/log_map_archive_2451c219-3002-3b2e-8fa9-2b7fea168b3b____PIT_city_62578.json
2023/03/24 20:59:43            155535 2583a8ee-867d-3db6-b039-35b913fb8f70/map/log_map_archive_2583a8ee-867d-3db6-b039-35b913fb8f70____PIT_city_32908.json
2023/03/24 20:59:55            269998 2772dd5f-bc0a-47ea-ae19-a5e0dbef8f41/map/log_map_archive_2772dd5f-bc0a-47ea-ae19-a5e0dbef8f41____PIT_city_72543.json
2023/03/24 21:00:01            208074 285ac213-8caf-31a4-b0fa-c240580f7f69/map/log_map_archive_285ac213-8caf-31a4-b0fa-c240580f7f69____PIT_city_71480.json
2023/03/24 21:00:09            221789 28617035-7557-3cb9-99c2-754f72fd34b4/map/log_map_archive_28617035-7557-3cb9-99c2-754f72fd34b4____PIT_city_71109.json
2023/03/24 21:00:28            168471 2b044433-ddc1-3580-b560-d46474934089/map/log_map_archive_2b044433-ddc1-3580-b560-d46474934089____PIT_city_32908.json
2023/03/24 21:00:37            160795 2ec904db-41aa-397c-a1e3-2e2ca0c8e8fb/map/log_map_archive_2ec904db-41aa-397c-a1e3-2e2ca0c8e8fb____PIT_city_72034.json
2023/03/24 21:00:50            194801 32edd7c7-8a8f-360d-bcda-83ecf431e3e6/map/log_map_archive_32edd7c7-8a8f-360d-bcda-83ecf431e3e6____PIT_city_72056.json
2023/03/24 21:00:54            242640 332b278a-a6b9-3bc3-b88c-241e4b03b4ef/map/log_map_archive_332b278a-a6b9-3bc3-b88c-241e4b03b4ef____PIT_city_62578.json
2023/03/24 21:01:10            147655 35a15c5c-fa4a-3838-a724-396e112ec95c/map/log_map_archive_35a15c5c-fa4a-3838-a724-396e112ec95c____PIT_city_72056.json
2023/03/24 21:01:13            143415 35d5649b-f311-3177-8374-f9adf68781f3/map/log_map_archive_35d5649b-f311-3177-8374-f9adf68781f3____PIT_city_64593.json
2023/03/24 21:01:24            192648 366ceb72-9f11-385a-8bc9-a26a18dbdd22/map/log_map_archive_366ceb72-9f11-385a-8bc9-a26a18dbdd22____PIT_city_62578.json
2023/03/24 21:01:31            208915 36d7f8fb-6d47-3e1d-a1f7-b2c67ddf1f44/map/log_map_archive_36d7f8fb-6d47-3e1d-a1f7-b2c67ddf1f44____PIT_city_62578.json
2023/03/24 21:01:34            134522 37fcd8ac-c148-3c4a-92ac-a10f355451b7/map/log_map_archive_37fcd8ac-c148-3c4a-92ac-a10f355451b7____PIT_city_32908.json
2023/03/24 21:01:37            120879 380e5bf0-1c68-36a4-ac64-09a03b60bebf/map/log_map_archive_380e5bf0-1c68-36a4-ac64-09a03b60bebf____PIT_city_32908.json
2023/03/24 21:01:40            138368 382cf8af-6c8d-3ed9-907b-12214d2c7cb0/map/log_map_archive_382cf8af-6c8d-3ed9-907b-12214d2c7cb0____PIT_city_71480.json
2023/03/24 21:01:50            145403 38609ed6-2445-3df3-bd92-849d3963510e/map/log_map_archive_38609ed6-2445-3df3-bd92-849d3963510e____PIT_city_32908.json
2023/03/24 21:02:00             97611 3933d1a2-f121-3c8a-8b01-7738e58c045f/map/log_map_archive_3933d1a2-f121-3c8a-8b01-7738e58c045f____PIT_city_71109.json
2023/03/24 21:02:16            141060 3b60751b-7a71-3a47-a743-96b96f0d9b2b/map/log_map_archive_3b60751b-7a71-3a47-a743-96b96f0d9b2b____PIT_city_47896.json
2023/03/24 21:02:32            248279 3c56f1ef-d4df-30ae-80f3-0a5b22d4d3a6/map/log_map_archive_3c56f1ef-d4df-30ae-80f3-0a5b22d4d3a6____PIT_city_62578.json
2023/03/24 21:02:54            164848 3e7c4d87-dba1-3e22-a303-4f402f89cd20/map/log_map_archive_3e7c4d87-dba1-3e22-a303-4f402f89cd20____PIT_city_70925.json
2023/03/24 21:03:03            176452 3fa8c20e-a4b4-3af6-b9c4-6cb96f83916d/map/log_map_archive_3fa8c20e-a4b4-3af6-b9c4-6cb96f83916d____PIT_city_69181.json
2023/03/24 21:03:09            127817 4058d838-75cb-35e2-af7e-a51aaa833271/map/log_map_archive_4058d838-75cb-35e2-af7e-a51aaa833271____PIT_city_32908.json
2023/03/24 21:03:21            142074 41c3597a-aab1-3123-85a1-dd5d459af461/map/log_map_archive_41c3597a-aab1-3123-85a1-dd5d459af461____PIT_city_71343.json
2023/03/24 21:03:34            215701 422dd53b-6010-4eb9-8902-de3d134c5a70/map/log_map_archive_422dd53b-6010-4eb9-8902-de3d134c5a70____PIT_city_72543.json
2023/03/24 21:03:57            190322 4487b659-692e-3b35-9d1e-a230279ed646/map/log_map_archive_4487b659-692e-3b35-9d1e-a230279ed646____PIT_city_71343.json
2023/03/24 21:04:16            188726 4690ea1e-224a-35e9-a984-8332295f2b00/map/log_map_archive_4690ea1e-224a-35e9-a984-8332295f2b00____PIT_city_72056.json
2023/03/24 21:04:19            174673 46d917cd-531c-330b-8d7b-979b51a8927f/map/log_map_archive_46d917cd-531c-330b-8d7b-979b51a8927f____PIT_city_70925.json
2023/03/24 21:04:22            110822 47167c79-2ba4-369c-8db8-760a30b4c38a/map/log_map_archive_47167c79-2ba4-369c-8db8-760a30b4c38a____PIT_city_71430.json
2023/03/24 21:04:40            115333 490f13c4-4c1f-3e3b-8a9f-0f27c6906b4e/map/log_map_archive_490f13c4-4c1f-3e3b-8a9f-0f27c6906b4e____PIT_city_71109.json
2023/03/24 21:04:43            234806 4935629c-fd9e-3b2f-b68e-9489c89585df/map/log_map_archive_4935629c-fd9e-3b2f-b68e-9489c89585df____PIT_city_32908.json
2023/03/24 21:04:49            230709 49a9df80-ab0a-31fb-9341-a79f7b0258dd/map/log_map_archive_49a9df80-ab0a-31fb-9341-a79f7b0258dd____PIT_city_32908.json
2023/03/24 21:04:52            195300 49d76058-b4f0-3931-86fa-de160b4c1b88/map/log_map_archive_49d76058-b4f0-3931-86fa-de160b4c1b88____PIT_city_47896.json
2023/03/24 21:04:55            275084 49e970c4-7364-33cb-a298-ead218e9a705/map/log_map_archive_49e970c4-7364-33cb-a298-ead218e9a705____PIT_city_47896.json
2023/03/24 21:04:59            168204 4a789b07-7578-36ec-89cd-68b01e0737fb/map/log_map_archive_4a789b07-7578-36ec-89cd-68b01e0737fb____PIT_city_71109.json
2023/03/24 21:05:12            197854 4d324eb4-39f1-3837-9b97-c10db5d2b61d/map/log_map_archive_4d324eb4-39f1-3837-9b97-c10db5d2b61d____PIT_city_71396.json
2023/03/24 21:05:15            213320 4d7b84b9-0a03-3aa1-83f0-4766013c3fb1/map/log_map_archive_4d7b84b9-0a03-3aa1-83f0-4766013c3fb1____PIT_city_72056.json
2023/03/24 21:05:34            254100 4f1b4bb2-b30b-3537-8fed-dd8f843f5adb/map/log_map_archive_4f1b4bb2-b30b-3537-8fed-dd8f843f5adb____PIT_city_71004.json
2023/03/24 21:05:47            195247 511b93af-f16e-3195-8628-fbb972a17f74/map/log_map_archive_511b93af-f16e-3195-8628-fbb972a17f74____PIT_city_32908.json
2023/03/24 21:05:50            141251 51e6b881-e5a1-30c8-ae2b-02891d5a54ce/map/log_map_archive_51e6b881-e5a1-30c8-ae2b-02891d5a54ce____PIT_city_47896.json
2023/03/24 21:06:02            140171 53f5011b-2a8f-3a73-9d86-805462bb542d/map/log_map_archive_53f5011b-2a8f-3a73-9d86-805462bb542d____PIT_city_71396.json
2023/03/24 21:06:08            177525 545ea917-a910-3013-a3f1-52a86dd6c8b1/map/log_map_archive_545ea917-a910-3013-a3f1-52a86dd6c8b1____PIT_city_28427.json
2023/03/24 21:06:11            113063 5481321f-d317-3e80-8061-6e9c635c4ca9/map/log_map_archive_5481321f-d317-3e80-8061-6e9c635c4ca9____PIT_city_72056.json
2023/03/24 21:06:44            178970 595ec33e-a1aa-3aaf-8821-8d1780db354c/map/log_map_archive_595ec33e-a1aa-3aaf-8821-8d1780db354c____PIT_city_71004.json
2023/03/24 21:06:50            277942 5aed7fcd-651c-38a7-9523-9d48bf92aeaa/map/log_map_archive_5aed7fcd-651c-38a7-9523-9d48bf92aeaa____PIT_city_62578.json
2023/03/24 21:06:56            267556 5bc5e7b0-4d90-3ac8-8ca8-f6037e1cf75c/map/log_map_archive_5bc5e7b0-4d90-3ac8-8ca8-f6037e1cf75c____PIT_city_32908.json
2023/03/24 21:07:02            223089 5c1db299-e2a2-35e5-84dd-acda8fb393bc/map/log_map_archive_5c1db299-e2a2-35e5-84dd-acda8fb393bc____PIT_city_72251.json
2023/03/24 21:07:06            219397 5c7ee953-d8b0-33ef-a491-0bb716763cfe/map/log_map_archive_5c7ee953-d8b0-33ef-a491-0bb716763cfe____PIT_city_71109.json
2023/03/24 21:07:12            129857 5cf52bbe-f7f4-30c9-a4c2-a1fbb93513e4/map/log_map_archive_5cf52bbe-f7f4-30c9-a4c2-a1fbb93513e4____PIT_city_72056.json
2023/03/24 21:07:15            226401 5d062611-5417-3405-997c-1d1aefe4d85f/map/log_map_archive_5d062611-5417-3405-997c-1d1aefe4d85f____PIT_city_71109.json
2023/03/24 21:07:28            183163 5d55a63a-3146-32d9-89ec-e207e95ecbde/map/log_map_archive_5d55a63a-3146-32d9-89ec-e207e95ecbde____PIT_city_47896.json
2023/03/24 21:07:34            144151 5d9c1080-e6e9-3222-96a2-37ca7286a874/map/log_map_archive_5d9c1080-e6e9-3222-96a2-37ca7286a874____PIT_city_72056.json
2023/03/24 21:07:37             93611 5e9fc665-2353-34da-a2e7-2094ab17e790/map/log_map_archive_5e9fc665-2353-34da-a2e7-2094ab17e790____PIT_city_71920.json
2023/03/24 21:07:47            235951 5fe10166-ab1e-36d5-aa2b-c0d6f680f2c7/map/log_map_archive_5fe10166-ab1e-36d5-aa2b-c0d6f680f2c7____PIT_city_72056.json
2023/03/24 21:07:50             71940 614812d4-3344-3975-a1c8-4131910c4a10/map/log_map_archive_614812d4-3344-3975-a1c8-4131910c4a10____PIT_city_32908.json
2023/03/24 21:07:56            195141 61e56102-4d85-3a40-bbba-1a007c816f68/map/log_map_archive_61e56102-4d85-3a40-bbba-1a007c816f68____PIT_city_72056.json
2023/03/24 21:08:00            293453 62879808-1586-4d49-80fe-2f547e355191/map/log_map_archive_62879808-1586-4d49-80fe-2f547e355191____PIT_city_72543.json
2023/03/24 21:08:03            165560 62a1e53b-b55c-36c2-bc5b-e216d494875a/map/log_map_archive_62a1e53b-b55c-36c2-bc5b-e216d494875a____PIT_city_72056.json
2023/03/24 21:08:09            268267 639d4834-f922-3e27-9913-20aa649f815d/map/log_map_archive_639d4834-f922-3e27-9913-20aa649f815d____PIT_city_71109.json
2023/03/24 21:08:22            205049 6419dcfd-8777-35fa-924c-ebefccde0a9b/map/log_map_archive_6419dcfd-8777-35fa-924c-ebefccde0a9b____PIT_city_32908.json
2023/03/24 21:08:31             76755 65732efc-1564-3ff8-8c7c-4239a08c0d70/map/log_map_archive_65732efc-1564-3ff8-8c7c-4239a08c0d70____PIT_city_32908.json
2023/03/24 21:08:34            178650 65d3f43d-1969-35d4-bf86-bd5e4b1ac803/map/log_map_archive_65d3f43d-1969-35d4-bf86-bd5e4b1ac803____PIT_city_71109.json
2023/03/24 21:08:59            146868 6b0cc3b0-2802-33a7-b885-f1f1409345ac/map/log_map_archive_6b0cc3b0-2802-33a7-b885-f1f1409345ac____PIT_city_71480.json
2023/03/24 21:09:05            121507 6bae6c0c-5296-376d-96bc-6c8dbe6693a5/map/log_map_archive_6bae6c0c-5296-376d-96bc-6c8dbe6693a5____PIT_city_71385.json
2023/03/24 21:09:23            212262 6e106cf8-f6dd-38f6-89c8-9be7a71e7275/map/log_map_archive_6e106cf8-f6dd-38f6-89c8-9be7a71e7275____PIT_city_72056.json
2023/03/24 21:09:32            152804 6f2f7d1e-8ded-35c5-ba83-3ca906b05127/map/log_map_archive_6f2f7d1e-8ded-35c5-ba83-3ca906b05127____PIT_city_72056.json
2023/03/24 21:09:39            154685 6ff3a51a-e0ab-32be-beb5-4079e56933c6/map/log_map_archive_6ff3a51a-e0ab-32be-beb5-4079e56933c6____PIT_city_72046.json
2023/03/24 21:09:48            171948 713ac3dd-8777-373d-b87d-f3dd9820320e/map/log_map_archive_713ac3dd-8777-373d-b87d-f3dd9820320e____PIT_city_72251.json
2023/03/24 21:10:03            254956 723147da-6beb-34cc-b1d7-2d4d3abc4d33/map/log_map_archive_723147da-6beb-34cc-b1d7-2d4d3abc4d33____PIT_city_47896.json
2023/03/24 21:10:10            114954 72c31859-3676-3cbb-a773-0591d8d5799e/map/log_map_archive_72c31859-3676-3cbb-a773-0591d8d5799e____PIT_city_72297.json
2023/03/24 21:10:22            134532 74648e09-358d-3183-9b40-278620befa40/map/log_map_archive_74648e09-358d-3183-9b40-278620befa40____PIT_city_32908.json
2023/03/24 21:10:25            222173 74a3e9ae-6811-4d11-a112-4c4963773cfe/map/log_map_archive_74a3e9ae-6811-4d11-a112-4c4963773cfe____PIT_city_72543.json
2023/03/24 21:10:51            105364 76038978-47aa-30ed-bfa1-2d63753a866c/map/log_map_archive_76038978-47aa-30ed-bfa1-2d63753a866c____PIT_city_72251.json
2023/03/24 21:11:07            138476 790d3c83-f6bf-348e-80e7-12f29240e598/map/log_map_archive_790d3c83-f6bf-348e-80e7-12f29240e598____PIT_city_72018.json
2023/03/24 21:11:19            169826 7a17d467-9f29-3706-8e40-32bb7fb033de/map/log_map_archive_7a17d467-9f29-3706-8e40-32bb7fb033de____PIT_city_72034.json
2023/03/24 21:11:23            176597 7ad46cf0-aa12-4050-ac2d-cf34b5f64d41/map/log_map_archive_7ad46cf0-aa12-4050-ac2d-cf34b5f64d41____PIT_city_72543.json
2023/03/24 21:11:29            165469 7c30c3fc-ea17-38d8-9c52-c75ccb112253/map/log_map_archive_7c30c3fc-ea17-38d8-9c52-c75ccb112253____PIT_city_32908.json
2023/03/24 21:11:35            171778 7c5e3704-33c8-3a4e-b032-9187a6f90206/map/log_map_archive_7c5e3704-33c8-3a4e-b032-9187a6f90206____PIT_city_72056.json
2023/03/24 21:11:38            125501 7c696d35-e34f-38b0-b4b4-e88803ad1f6a/map/log_map_archive_7c696d35-e34f-38b0-b4b4-e88803ad1f6a____PIT_city_71920.json
2023/03/24 21:11:41            229366 7ca43466-7107-33ae-95d6-26d7af132e87/map/log_map_archive_7ca43466-7107-33ae-95d6-26d7af132e87____PIT_city_71396.json
2023/03/24 21:11:45            165361 7cb4b11f-3872-3825-83b5-622e1a2cdb28/map/log_map_archive_7cb4b11f-3872-3825-83b5-622e1a2cdb28____PIT_city_71430.json
2023/03/24 21:11:51            180878 7cd08674-1787-37d9-9365-988df023724b/map/log_map_archive_7cd08674-1787-37d9-9365-988df023724b____PIT_city_71396.json
2023/03/24 21:12:00            154479 7d1d720d-6708-3148-917a-b8dc78f1dcd9/map/log_map_archive_7d1d720d-6708-3148-917a-b8dc78f1dcd9____PIT_city_72056.json
2023/03/24 21:12:30            121551 8066e267-a653-3b43-8fce-a5a780912c82/map/log_map_archive_8066e267-a653-3b43-8fce-a5a780912c82____PIT_city_71920.json
2023/03/24 21:12:46            165576 81700b3c-2db4-3f72-935c-274d3607d6d2/map/log_map_archive_81700b3c-2db4-3f72-935c-274d3607d6d2____PIT_city_72018.json
2023/03/24 21:12:49            236103 8184872e-4203-3ff1-b716-af5fad9233ec/map/log_map_archive_8184872e-4203-3ff1-b716-af5fad9233ec____PIT_city_71109.json
2023/03/24 21:13:14            157387 84bb4b17-e7f2-3a1b-8c2b-6d6ec9a23e31/map/log_map_archive_84bb4b17-e7f2-3a1b-8c2b-6d6ec9a23e31____PIT_city_32908.json
2023/03/24 21:13:23            219865 855ba280-cd69-348d-9107-69e28cb8ad99/map/log_map_archive_855ba280-cd69-348d-9107-69e28cb8ad99____PIT_city_32908.json
2023/03/24 21:13:26            274887 8606d399-57d4-3ae9-938b-db7b8fb7ef8c/map/log_map_archive_8606d399-57d4-3ae9-938b-db7b8fb7ef8c____PIT_city_32908.json
2023/03/24 21:13:33            178088 87918291-e9ba-3759-be1a-4c874ca40997/map/log_map_archive_87918291-e9ba-3759-be1a-4c874ca40997____PIT_city_71325.json
2023/03/24 21:13:39            128809 8858428d-8fd5-3c3f-8ca4-d01f6e25e63c/map/log_map_archive_8858428d-8fd5-3c3f-8ca4-d01f6e25e63c____PIT_city_72034.json
2023/03/24 21:13:51            220421 8934694e-8085-3673-96dd-eacebe691ed1/map/log_map_archive_8934694e-8085-3673-96dd-eacebe691ed1____PIT_city_72056.json
2023/03/24 21:13:58            134733 89f79c55-6698-3037-bd2e-d40c81af169a/map/log_map_archive_89f79c55-6698-3037-bd2e-d40c81af169a____PIT_city_32908.json
2023/03/24 21:14:11            185318 8aad8778-73ce-3fa0-93c7-804ac998667d/map/log_map_archive_8aad8778-73ce-3fa0-93c7-804ac998667d____PIT_city_32908.json
2023/03/24 21:14:36            176722 8d8b550e-d0be-3cbb-a371-49ec36fa619f/map/log_map_archive_8d8b550e-d0be-3cbb-a371-49ec36fa619f____PIT_city_72018.json
2023/03/24 21:14:42            258919 8e02e2db-2836-37ec-af33-a1cc2e6e49dc/map/log_map_archive_8e02e2db-2836-37ec-af33-a1cc2e6e49dc____PIT_city_71325.json
2023/03/24 21:14:55             62784 8f317f00-f8b4-325e-a5c7-e4045427a610/map/log_map_archive_8f317f00-f8b4-325e-a5c7-e4045427a610____PIT_city_31785.json
2023/03/24 21:15:08            201236 9158b740-6527-3194-9953-6b7b3b28d544/map/log_map_archive_9158b740-6527-3194-9953-6b7b3b28d544____PIT_city_32908.json
2023/03/24 21:15:11            251325 91923e20-9a05-32e0-ac53-8c09b0b60341/map/log_map_archive_91923e20-9a05-32e0-ac53-8c09b0b60341____PIT_city_32908.json
2023/03/24 21:15:23             88423 924116d9-0a48-3d97-b8c9-0d16b087c16a/map/log_map_archive_924116d9-0a48-3d97-b8c9-0d16b087c16a____PIT_city_71343.json
2023/03/24 21:15:29            241674 931b76ee-63df-36f6-9f2e-7fb16f2ee721/map/log_map_archive_931b76ee-63df-36f6-9f2e-7fb16f2ee721____PIT_city_71109.json
2023/03/24 21:15:32            111955 93582b51-5be1-30cd-abb0-3eac16dd6dbc/map/log_map_archive_93582b51-5be1-30cd-abb0-3eac16dd6dbc____PIT_city_71325.json
2023/03/24 21:15:45            171039 9441ffdd-f06e-36e0-839e-b836b0f19bc9/map/log_map_archive_9441ffdd-f06e-36e0-839e-b836b0f19bc9____PIT_city_71430.json
2023/03/24 21:15:48            182257 945f3b20-778a-3581-adef-544de4a089ef/map/log_map_archive_945f3b20-778a-3581-adef-544de4a089ef____PIT_city_31785.json
2023/03/24 21:15:51            257661 953087a4-f704-37fe-a60f-82877e84a413/map/log_map_archive_953087a4-f704-37fe-a60f-82877e84a413____PIT_city_70925.json
2023/03/24 21:16:24            243533 988ab841-c422-3d08-bb52-a09f8fdb6ab2/map/log_map_archive_988ab841-c422-3d08-bb52-a09f8fdb6ab2____PIT_city_62578.json
2023/03/24 21:16:37            105012 99a3270d-c5c5-3df7-9a2d-a612c8104d0e/map/log_map_archive_99a3270d-c5c5-3df7-9a2d-a612c8104d0e____PIT_city_72056.json
2023/03/24 21:16:47            248713 9a8aea4b-9b61-3884-9f3c-84c3c36e6373/map/log_map_archive_9a8aea4b-9b61-3884-9f3c-84c3c36e6373____PIT_city_64593.json
2023/03/24 21:16:50            183503 9afab336-dbae-3f70-a669-46813f4570d7/map/log_map_archive_9afab336-dbae-3f70-a669-46813f4570d7____PIT_city_47896.json
2023/03/24 21:16:53            299722 9b1da4e7-03a9-3277-91f3-ef6e610a6320/map/log_map_archive_9b1da4e7-03a9-3277-91f3-ef6e610a6320____PIT_city_47896.json
2023/03/24 21:16:59            155050 9caf211e-3e6e-3996-8518-f617b9454e67/map/log_map_archive_9caf211e-3e6e-3996-8518-f617b9454e67____PIT_city_71920.json
2023/03/24 21:17:11            147686 9eb87a0b-2457-359d-b958-81e8583d8e44/map/log_map_archive_9eb87a0b-2457-359d-b958-81e8583d8e44____PIT_city_72056.json
2023/03/24 21:17:14            268679 9ec8f3a2-59ba-3ce2-827d-656ea5bc1f1f/map/log_map_archive_9ec8f3a2-59ba-3ce2-827d-656ea5bc1f1f____PIT_city_32908.json
2023/03/24 21:17:17            228233 9ecbfef8-29c6-334a-b4ff-aa8201439826/map/log_map_archive_9ecbfef8-29c6-334a-b4ff-aa8201439826____PIT_city_72056.json
2023/03/24 21:17:21            199761 9efe1171-6faf-3427-8451-8f6469f7678e/map/log_map_archive_9efe1171-6faf-3427-8451-8f6469f7678e____PIT_city_71004.json
2023/03/24 21:17:27            270169 9fd55542-e982-361f-814f-61ad4ad07adf/map/log_map_archive_9fd55542-e982-361f-814f-61ad4ad07adf____PIT_city_32908.json
2023/03/24 21:17:37            209746 a146ab19-f4f3-334f-b830-fc68de83e26c/map/log_map_archive_a146ab19-f4f3-334f-b830-fc68de83e26c____PIT_city_71325.json
2023/03/24 21:17:40            175596 a1537c1c-775b-3969-ae13-2e83e5a4728a/map/log_map_archive_a1537c1c-775b-3969-ae13-2e83e5a4728a____PIT_city_32908.json
2023/03/24 21:17:49            177133 a2f568b5-060f-33f0-9175-7e2062d86b6c/map/log_map_archive_a2f568b5-060f-33f0-9175-7e2062d86b6c____PIT_city_69181.json
2023/03/24 21:17:52            224009 a3001373-ae03-3827-8e25-3da1720074ca/map/log_map_archive_a3001373-ae03-3827-8e25-3da1720074ca____PIT_city_71004.json
2023/03/24 21:17:55            144085 a359e053-a350-36cf-ab1d-a7980afaffa2/map/log_map_archive_a359e053-a350-36cf-ab1d-a7980afaffa2____PIT_city_71920.json
2023/03/24 21:17:59            148111 a36f80a5-5edc-3842-80af-292ae639ee74/map/log_map_archive_a36f80a5-5edc-3842-80af-292ae639ee74____PIT_city_72056.json
2023/03/24 21:18:02            117277 a3876690-9d49-3c98-9421-02cfe0ccb551/map/log_map_archive_a3876690-9d49-3c98-9421-02cfe0ccb551____PIT_city_62578.json
2023/03/24 21:18:15            192367 a47ba6a9-ffa1-3979-bb40-512339284b8b/map/log_map_archive_a47ba6a9-ffa1-3979-bb40-512339284b8b____PIT_city_71109.json
2023/03/24 21:18:27            206444 a50b198c-4de2-3f8c-a2b9-ab280605b350/map/log_map_archive_a50b198c-4de2-3f8c-a2b9-ab280605b350____PIT_city_47896.json
2023/03/24 21:18:49            232244 a8a2fbc2-8e77-35a0-9208-f882c3cb2a5c/map/log_map_archive_a8a2fbc2-8e77-35a0-9208-f882c3cb2a5c____PIT_city_47896.json
2023/03/24 21:19:02            150773 aa105408-2974-35e7-ae76-35060cfde21a/map/log_map_archive_aa105408-2974-35e7-ae76-35060cfde21a____PIT_city_32908.json
2023/03/24 21:19:05            168586 aa539866-29e4-353e-95a9-b6d321b53b33/map/log_map_archive_aa539866-29e4-353e-95a9-b6d321b53b33____PIT_city_32908.json
2023/03/24 21:19:15            167804 ab3d8387-8e07-37f6-a74c-cf100fb6a612/map/log_map_archive_ab3d8387-8e07-37f6-a74c-cf100fb6a612____PIT_city_32908.json
2023/03/24 21:19:34            132853 ad319b98-6faa-3648-98bd-43afdbd20020/map/log_map_archive_ad319b98-6faa-3648-98bd-43afdbd20020____PIT_city_72056.json
2023/03/24 21:19:40            201914 adbb2a17-a503-32cd-a9ed-b523b3e4da0b/map/log_map_archive_adbb2a17-a503-32cd-a9ed-b523b3e4da0b____PIT_city_71872.json
2023/03/24 21:19:46            185267 adcf7d18-0510-35b0-a2fa-b4cea13a6d76/map/log_map_archive_adcf7d18-0510-35b0-a2fa-b4cea13a6d76____PIT_city_57819.json
2023/03/24 21:20:11            212304 b1a98ad6-9b3e-35fb-afae-70b279fcbfc0/map/log_map_archive_b1a98ad6-9b3e-35fb-afae-70b279fcbfc0____PIT_city_32908.json
2023/03/24 21:20:14            144672 b21b7285-2199-3264-b10a-524e9b23502a/map/log_map_archive_b21b7285-2199-3264-b10a-524e9b23502a____PIT_city_71109.json
2023/03/24 21:20:17            224636 b275d09d-9da2-380b-a748-528ee28bc9af/map/log_map_archive_b275d09d-9da2-380b-a748-528ee28bc9af____PIT_city_62578.json
2023/03/24 21:20:30            144522 b403f8a3-4cad-333e-8557-d7da2e163f4b/map/log_map_archive_b403f8a3-4cad-333e-8557-d7da2e163f4b____PIT_city_71109.json
2023/03/24 21:20:39            175944 b48d6d4b-f0dd-35da-850d-36a715691e2f/map/log_map_archive_b48d6d4b-f0dd-35da-850d-36a715691e2f____PIT_city_72056.json
2023/03/24 21:20:49            183447 b51561d9-08b0-3599-bc78-016f1441bb91/map/log_map_archive_b51561d9-08b0-3599-bc78-016f1441bb91____PIT_city_32908.json
2023/03/24 21:20:52            198765 b56e3f47-72a6-34e8-9ada-b4169e28e5b9/map/log_map_archive_b56e3f47-72a6-34e8-9ada-b4169e28e5b9____PIT_city_32908.json
2023/03/24 21:20:58            245268 b5e6e498-54b3-37bb-b2a3-cdac33a18363/map/log_map_archive_b5e6e498-54b3-37bb-b2a3-cdac33a18363____PIT_city_32908.json
2023/03/24 21:21:08            277679 b6642e23-d100-3680-8882-9f3b753b2eef/map/log_map_archive_b6642e23-d100-3680-8882-9f3b753b2eef____PIT_city_62578.json
2023/03/24 21:21:36            263645 b8ce75e5-c1d2-3447-9249-70ab3d42389f/map/log_map_archive_b8ce75e5-c1d2-3447-9249-70ab3d42389f____PIT_city_47896.json
2023/03/24 21:21:42            226128 b98a7838-ac1f-339f-93c5-fe7f98ea8657/map/log_map_archive_b98a7838-ac1f-339f-93c5-fe7f98ea8657____PIT_city_47896.json
2023/03/24 21:21:48            191983 b9f73e2a-292a-3876-b363-3ebb94584c7a/map/log_map_archive_b9f73e2a-292a-3876-b363-3ebb94584c7a____PIT_city_72056.json
2023/03/24 21:21:58            249950 ba737c78-2ef2-3643-a5b2-4804dfff9d93/map/log_map_archive_ba737c78-2ef2-3643-a5b2-4804dfff9d93____PIT_city_32908.json
2023/03/24 21:22:07            195617 bb533c69-1e0b-341c-bedd-ff25fe9b84bf/map/log_map_archive_bb533c69-1e0b-341c-bedd-ff25fe9b84bf____PIT_city_32908.json
2023/03/24 21:22:10            183035 bb9be2e6-8f0e-3bb3-8bb9-5d9aa9df384d/map/log_map_archive_bb9be2e6-8f0e-3bb3-8bb9-5d9aa9df384d____PIT_city_47896.json
2023/03/24 21:22:20            164286 bd4a7d9d-14e1-3c17-873d-a74d0cd6a5d7/map/log_map_archive_bd4a7d9d-14e1-3c17-873d-a74d0cd6a5d7____PIT_city_32908.json
2023/03/24 21:22:27            261571 bd9636d2-7220-3585-9c7d-4acaea167b71/map/log_map_archive_bd9636d2-7220-3585-9c7d-4acaea167b71____PIT_city_32908.json
2023/03/24 21:22:30            190205 bdd7e8ba-f7fa-38d1-b6bf-9dc77334fec5/map/log_map_archive_bdd7e8ba-f7fa-38d1-b6bf-9dc77334fec5____PIT_city_32908.json
2023/03/24 21:22:39            157412 bee1146d-2e80-37e3-b08a-6ac8858e8973/map/log_map_archive_bee1146d-2e80-37e3-b08a-6ac8858e8973____PIT_city_32908.json
2023/03/24 21:22:58            125222 c1a6c20c-e336-3efa-81b6-7c1242d70bd2/map/log_map_archive_c1a6c20c-e336-3efa-81b6-7c1242d70bd2____PIT_city_72056.json
2023/03/24 21:23:13            100832 c4ea1b05-c7d5-3b59-aed1-9f3d2621ac00/map/log_map_archive_c4ea1b05-c7d5-3b59-aed1-9f3d2621ac00____PIT_city_32908.json
2023/03/24 21:23:19            175036 c654b457-11d4-393c-a638-188855c8f2e5/map/log_map_archive_c654b457-11d4-393c-a638-188855c8f2e5____PIT_city_47896.json
2023/03/24 21:23:26            150832 c67f439a-f945-33cb-8517-40c9fdf60d59/map/log_map_archive_c67f439a-f945-33cb-8517-40c9fdf60d59____PIT_city_66421.json
2023/03/24 21:23:38            147107 c70b2c64-7a9a-37c5-b974-709fa0536675/map/log_map_archive_c70b2c64-7a9a-37c5-b974-709fa0536675____PIT_city_71480.json
2023/03/24 21:23:44            114979 c730e199-fb8d-3abf-b7aa-bbc81bf8c08f/map/log_map_archive_c730e199-fb8d-3abf-b7aa-bbc81bf8c08f____PIT_city_72056.json
2023/03/24 21:23:57            122019 c85ebc24-0934-3423-9c14-f0fdbee64b68/map/log_map_archive_c85ebc24-0934-3423-9c14-f0fdbee64b68____PIT_city_32908.json
2023/03/24 21:24:00            198706 c8cdffb0-7942-3ff5-9f71-210e095e1d31/map/log_map_archive_c8cdffb0-7942-3ff5-9f71-210e095e1d31____PIT_city_71396.json
2023/03/24 21:24:10            189018 c96a09c8-46ed-391f-8a66-c46fa8b76029/map/log_map_archive_c96a09c8-46ed-391f-8a66-c46fa8b76029____PIT_city_69181.json
2023/03/24 21:24:13            189281 c990cafc-f96c-3107-b213-01d217b11272/map/log_map_archive_c990cafc-f96c-3107-b213-01d217b11272____PIT_city_69181.json
2023/03/24 21:24:17            209370 ca4144fb-10e5-3895-836f-87001f59ac65/map/log_map_archive_ca4144fb-10e5-3895-836f-87001f59ac65____PIT_city_72056.json
2023/03/24 21:24:36            228100 cdd752d0-caee-3d95-b1db-7fc20cbbc783/map/log_map_archive_cdd752d0-caee-3d95-b1db-7fc20cbbc783____PIT_city_72056.json
2023/03/24 21:24:39            198640 ce0575bf-c2fc-38bd-9947-ea7494a799f9/map/log_map_archive_ce0575bf-c2fc-38bd-9947-ea7494a799f9____PIT_city_32908.json
2023/03/24 21:24:45            164147 ce34ff64-0faa-3fae-a79e-985f7a5172c9/map/log_map_archive_ce34ff64-0faa-3fae-a79e-985f7a5172c9____PIT_city_71385.json
2023/03/24 21:24:51            143685 cea5f5c2-e786-30f5-8305-baead8923063/map/log_map_archive_cea5f5c2-e786-30f5-8305-baead8923063____PIT_city_72251.json
2023/03/24 21:24:58            175029 d0828f48-3e67-3136-9c70-1f99968c8280/map/log_map_archive_d0828f48-3e67-3136-9c70-1f99968c8280____PIT_city_32908.json
2023/03/24 21:25:10            210754 d201af7e-48c8-34ad-be1c-e649af2cb5c2/map/log_map_archive_d201af7e-48c8-34ad-be1c-e649af2cb5c2____PIT_city_71004.json
2023/03/24 21:25:16            236515 d26b95e4-d200-34e2-92c9-c16fda4cd9dd/map/log_map_archive_d26b95e4-d200-34e2-92c9-c16fda4cd9dd____PIT_city_32908.json
2023/03/24 21:25:29            142755 d37be0e2-8223-3eeb-a0e2-c4b75d5ff87b/map/log_map_archive_d37be0e2-8223-3eeb-a0e2-c4b75d5ff87b____PIT_city_72056.json
2023/03/24 21:25:38            133215 d47507ce-b079-395e-8761-8e70818ea69a/map/log_map_archive_d47507ce-b079-395e-8761-8e70818ea69a____PIT_city_71430.json
2023/03/24 21:25:41            151393 d551b8f9-feab-3946-9524-219e07988341/map/log_map_archive_d551b8f9-feab-3946-9524-219e07988341____PIT_city_71243.json
2023/03/24 21:25:47            225413 d5d40b4c-48d9-3b68-903a-025eb0fa334d/map/log_map_archive_d5d40b4c-48d9-3b68-903a-025eb0fa334d____PIT_city_58187.json
2023/03/24 21:25:59            197107 d842ce41-8d9c-3c0f-9c04-595d97be5140/map/log_map_archive_d842ce41-8d9c-3c0f-9c04-595d97be5140____PIT_city_71109.json
2023/03/24 21:26:02            182154 d8bd6071-f3ae-31fd-866a-9e6e4d6519e2/map/log_map_archive_d8bd6071-f3ae-31fd-866a-9e6e4d6519e2____PIT_city_66421.json
2023/03/24 21:26:09            136602 d97ae2c0-b8d1-341c-94b7-f19d5fd2982a/map/log_map_archive_d97ae2c0-b8d1-341c-94b7-f19d5fd2982a____PIT_city_72056.json
2023/03/24 21:26:15            124287 d9fd666a-8f55-38bb-8387-80fa44c29348/map/log_map_archive_d9fd666a-8f55-38bb-8387-80fa44c29348____PIT_city_32908.json
2023/03/24 21:26:18            112291 da30abcf-652b-38df-a128-10942b225ec5/map/log_map_archive_da30abcf-652b-38df-a128-10942b225ec5____PIT_city_72056.json
2023/03/24 21:26:21            170697 dad3e145-2f70-357f-813e-703936927fe2/map/log_map_archive_dad3e145-2f70-357f-813e-703936927fe2____PIT_city_71109.json
2023/03/24 21:26:31            163306 dbe19bf6-93ad-372e-b96d-f7b652cdba93/map/log_map_archive_dbe19bf6-93ad-372e-b96d-f7b652cdba93____PIT_city_71109.json
2023/03/24 21:26:34            130585 dc3d4b79-6cd8-324b-bc70-cbd0e2a066da/map/log_map_archive_dc3d4b79-6cd8-324b-bc70-cbd0e2a066da____PIT_city_71430.json
2023/03/24 21:26:37            276755 dc4d148d-f84c-307c-b2b7-f0cd7c267f57/map/log_map_archive_dc4d148d-f84c-307c-b2b7-f0cd7c267f57____PIT_city_64593.json
2023/03/24 21:26:40            234913 dc9c2d63-083f-32c3-90ff-943ca823a245/map/log_map_archive_dc9c2d63-083f-32c3-90ff-943ca823a245____PIT_city_32908.json
2023/03/24 21:26:52            261525 debbba6b-8cb8-3ab6-adfe-54fcc6b02839/map/log_map_archive_debbba6b-8cb8-3ab6-adfe-54fcc6b02839____PIT_city_32908.json
2023/03/24 21:26:55            204125 df1935dc-1e5f-3f4d-bdcb-e6c2bcb07667/map/log_map_archive_df1935dc-1e5f-3f4d-bdcb-e6c2bcb07667____PIT_city_71109.json
2023/03/24 21:27:14             94910 e0cfd042-ae29-3d21-bb47-81eb8f933ec8/map/log_map_archive_e0cfd042-ae29-3d21-bb47-81eb8f933ec8____PIT_city_32908.json
2023/03/24 21:27:18            135207 e0d2fe70-8f98-3ce2-8d8f-4268a81f7169/map/log_map_archive_e0d2fe70-8f98-3ce2-8d8f-4268a81f7169____PIT_city_32908.json
2023/03/24 21:27:21            244389 e10475f7-0d56-3a75-870d-d4206fa165d7/map/log_map_archive_e10475f7-0d56-3a75-870d-d4206fa165d7____PIT_city_71109.json
2023/03/24 21:27:27            226627 e125bb91-dcaf-3013-9cc7-da653d7e11e1/map/log_map_archive_e125bb91-dcaf-3013-9cc7-da653d7e11e1____PIT_city_71109.json
2023/03/24 21:27:39            269636 e2043284-6122-3cc9-a7e7-f091a16361b7/map/log_map_archive_e2043284-6122-3cc9-a7e7-f091a16361b7____PIT_city_71109.json
2023/03/24 21:27:48            157368 e331aa95-3660-3c71-be9e-030bab0b8ee2/map/log_map_archive_e331aa95-3660-3c71-be9e-030bab0b8ee2____PIT_city_72297.json
2023/03/24 21:28:07            212155 e4279e3e-b7e1-3f43-aeef-2bfa2836dab6/map/log_map_archive_e4279e3e-b7e1-3f43-aeef-2bfa2836dab6____PIT_city_47896.json
2023/03/24 21:28:10            162153 e453f164-dd36-3f1a-9471-05c2627cbaa5/map/log_map_archive_e453f164-dd36-3f1a-9471-05c2627cbaa5____PIT_city_71396.json
2023/03/24 21:28:22            167955 e574050e-f787-3186-9686-2e9aca8102a0/map/log_map_archive_e574050e-f787-3186-9686-2e9aca8102a0____PIT_city_32908.json
2023/03/24 21:28:34            190665 e743b441-ea8a-36d7-8124-f14dfa13a0e6/map/log_map_archive_e743b441-ea8a-36d7-8124-f14dfa13a0e6____PIT_city_71385.json
2023/03/24 21:28:41            118872 e757cddd-5ff5-305a-af11-d7c6747d3979/map/log_map_archive_e757cddd-5ff5-305a-af11-d7c6747d3979____PIT_city_47896.json
2023/03/24 21:28:59            151403 eaaf5ad3-2cec-3369-b3d1-97c737ecaf19/map/log_map_archive_eaaf5ad3-2cec-3369-b3d1-97c737ecaf19____PIT_city_71109.json
2023/03/24 21:29:08            167903 eb69a196-fb43-3ddf-9bbe-9d55fa1e8200/map/log_map_archive_eb69a196-fb43-3ddf-9bbe-9d55fa1e8200____PIT_city_72056.json
2023/03/24 21:29:11            191762 eb777faa-5b76-387e-a408-90524c6f2848/map/log_map_archive_eb777faa-5b76-387e-a408-90524c6f2848____PIT_city_47896.json
2023/03/24 21:29:23            173563 ed6ad297-ee09-3532-bcfc-c16ad5a05c49/map/log_map_archive_ed6ad297-ee09-3532-bcfc-c16ad5a05c49____PIT_city_72251.json
2023/03/24 21:29:33            129759 edf3a727-664e-38be-b990-65d34012d926/map/log_map_archive_edf3a727-664e-38be-b990-65d34012d926____PIT_city_70925.json
2023/03/24 21:29:51            214938 f03bfd11-5ba2-3bc6-ad76-4166b06491f5/map/log_map_archive_f03bfd11-5ba2-3bc6-ad76-4166b06491f5____PIT_city_62578.json
2023/03/24 21:29:57            129723 f150d98f-0109-3380-8480-c6846fb8e9c8/map/log_map_archive_f150d98f-0109-3380-8480-c6846fb8e9c8____PIT_city_71480.json
2023/03/24 21:30:10            263401 f3d1e3c3-2770-3504-a592-b62619598812/map/log_map_archive_f3d1e3c3-2770-3504-a592-b62619598812____PIT_city_32908.json
2023/03/24 21:30:16            176541 f41d0e8f-856e-3f7d-a3f9-ff5ba7c8e06d/map/log_map_archive_f41d0e8f-856e-3f7d-a3f9-ff5ba7c8e06d____PIT_city_32908.json
2023/03/24 21:30:47            198312 f64ed43e-417a-31ad-a322-b6108bf99a71/map/log_map_archive_f64ed43e-417a-31ad-a322-b6108bf99a71____PIT_city_32908.json
2023/03/24 21:31:03            173046 f8825b65-5631-3417-8309-bd5677d694aa/map/log_map_archive_f8825b65-5631-3417-8309-bd5677d694aa____PIT_city_69181.json
2023/03/24 21:31:27            280022 fb720691-1736-3fa2-940b-07b97603efc6/map/log_map_archive_fb720691-1736-3fa2-940b-07b97603efc6____PIT_city_47896.json
